<?xml version="1.0" encoding="UTF-8"?>
<testng-results ignored="0" total="1" passed="1" failed="0" skipped="0">
  <reporter-output>
  </reporter-output>
  <suite started-at="2024-08-26T13:19:58 CST" name="Surefire suite" finished-at="2024-08-26T13:21:48 CST" duration-ms="109788">
    <groups>
    </groups>
    <test started-at="2024-08-26T13:19:58 CST" name="Surefire test" finished-at="2024-08-26T13:21:48 CST" duration-ms="109788">
      <class name="com.example.tests.LoginTest">
        <test-method signature="testLogin()[pri:0, instance:com.example.tests.LoginTest@dd3b207]" started-at="2024-08-26T13:19:58 CST" name="testLogin" finished-at="2024-08-26T13:21:48 CST" duration-ms="109757" status="PASS">
          <reporter-output>
          </reporter-output>
        </test-method> <!-- testLogin -->
      </class> <!-- com.example.tests.LoginTest -->
    </test> <!-- Surefire test -->
  </suite> <!-- Surefire suite -->
</testng-results>
